DailyBreathAndroid/app/build/intermediates/manifest_merge_blame_file/playRelease/processPlayReleaseMainManifest/manifest-merger-blame-play-release-report.txt
1<?xml version="1.0" encoding="utf-8"?>
2<manifest xmlns:android="http://schemas.android.com/apk/res/android"
3    package="technology.co.beyondimagination.dailybreath"
4    android:installLocation="preferExternal"
5    android:versionCode="2"
6    android:versionName="1.7.0" >
7
8    <uses-sdk
8-->INJECTED
9        android:minSdkVersion="26"
9-->INJECTED
10        android:targetSdkVersion="37" />
10-->INJECTED
11
12    <uses-feature
12-->src\main\AndroidManifest.xml:3:5-89
13        android:name="android.hardware.touchscreen"
13-->src\main\AndroidManifest.xml:3:19-62
14        android:required="true" />
14-->src\main\AndroidManifest.xml:3:63-86
15
16    <application
16-->src\main\AndroidManifest.xml:4:5-25:19
17        android:allowBackup="false"
17-->src\main\AndroidManifest.xml:8:9-36
18        android:extractNativeLibs="false"
18-->INJECTED
19        android:icon="@drawable/ic_launcher"
19-->src\main\AndroidManifest.xml:7:9-45
20        android:label="Daily Breath"
20-->src\main\AndroidManifest.xml:6:9-37
21        android:supportsRtl="true"
21-->src\main\AndroidManifest.xml:9:9-35
22        android:theme="@style/AppTheme" >
22-->src\main\AndroidManifest.xml:5:9-40
23        <activity
23-->src\main\AndroidManifest.xml:10:9-24:20
24            android:name="technology.co.beyondimagination.dailybreath.MainActivity"
24-->src\main\AndroidManifest.xml:11:13-41
25            android:exported="true"
25-->src\main\AndroidManifest.xml:13:13-36
26            android:screenOrientation="portrait" >
26-->src\main\AndroidManifest.xml:12:13-49
27            <intent-filter>
27-->src\main\AndroidManifest.xml:14:13-17:29
28                <action android:name="android.intent.action.MAIN" />
28-->src\main\AndroidManifest.xml:15:17-69
28-->src\main\AndroidManifest.xml:15:25-66
29
30                <category android:name="android.intent.category.LAUNCHER" />
30-->src\main\AndroidManifest.xml:16:17-77
30-->src\main\AndroidManifest.xml:16:27-74
31            </intent-filter>
32            <intent-filter>
32-->src\main\AndroidManifest.xml:18:13-23:29
33                <action android:name="android.intent.action.VIEW" />
33-->src\main\AndroidManifest.xml:19:17-69
33-->src\main\AndroidManifest.xml:19:25-66
34
35                <category android:name="android.intent.category.DEFAULT" />
35-->src\main\AndroidManifest.xml:20:17-76
35-->src\main\AndroidManifest.xml:20:27-73
36                <category android:name="android.intent.category.BROWSABLE" />
36-->src\main\AndroidManifest.xml:21:17-78
36-->src\main\AndroidManifest.xml:21:27-75
37
38                <data android:scheme="dailybreath" />
38-->src\main\AndroidManifest.xml:22:17-54
38-->src\main\AndroidManifest.xml:22:23-51
39            </intent-filter>
40        </activity>
41    </application>
42
43</manifest>